<?xml version="1.0" encoding="UTF-8"?>
<!-- Generated by org.testng.reporters.JUnitReportReporter -->
<testsuite skipped="0" hostname="FLXWVMAP306" name="com.testcases.NewTest" tests="1" failures="0" timestamp="26 Nov 2020 13:45:17 GMT" time="0.009" errors="0">
  <testcase name="login" time="0.009" classname="com.testcases.NewTest"/>
</testsuite> <!-- com.testcases.NewTest -->
